<?xml version="1.0" encoding="UTF-8"?>
<testng-results ignored="0" total="2" passed="2" failed="0" skipped="0">
  <reporter-output>
  </reporter-output>
  <suite started-at="2024-05-10T17:09:06 IST" name="Suite001" finished-at="2024-05-10T17:10:21 IST" duration-ms="75419">
    <groups>
    </groups>
    <test started-at="2024-05-10T17:09:06 IST" name="Test001" finished-at="2024-05-10T17:10:21 IST" duration-ms="75419">
      <class name="test.OrangeLogIn">
        <test-method is-config="true" signature="launchBrowser(java.lang.String)[pri:0, instance:test.OrangeLogIn@35d019a3]" started-at="2024-05-10T17:09:06 IST" name="launchBrowser" finished-at="2024-05-10T17:09:07 IST" duration-ms="1194" status="PASS">
          <params>
            <param index="0">
              <value>
                <![CDATA[Chrome]]>
              </value>
            </param>
          </params>
          <reporter-output>
          </reporter-output>
        </test-method> <!-- launchBrowser -->
        <test-method is-config="true" signature="launchaloginPage()[pri:0, instance:test.OrangeLogIn@35d019a3]" started-at="2024-05-10T17:09:07 IST" name="launchaloginPage" finished-at="2024-05-10T17:09:47 IST" duration-ms="40012" status="PASS">
          <reporter-output>
          </reporter-output>
        </test-method> <!-- launchaloginPage -->
        <test-method signature="verifyHomePageisVisible()[pri:0, instance:test.OrangeLogIn@35d019a3]" started-at="2024-05-10T17:09:47 IST" name="verifyHomePageisVisible" finished-at="2024-05-10T17:09:47 IST" duration-ms="14" status="PASS">
          <reporter-output>
          </reporter-output>
        </test-method> <!-- verifyHomePageisVisible -->
        <test-method is-config="true" signature="afterMethod()[pri:0, instance:test.OrangeLogIn@35d019a3]" started-at="2024-05-10T17:09:47 IST" name="afterMethod" finished-at="2024-05-10T17:09:47 IST" duration-ms="1" status="PASS">
          <reporter-output>
          </reporter-output>
        </test-method> <!-- afterMethod -->
        <test-method is-config="true" signature="launchaloginPage()[pri:0, instance:test.OrangeLogIn@35d019a3]" started-at="2024-05-10T17:09:47 IST" name="launchaloginPage" finished-at="2024-05-10T17:10:21 IST" duration-ms="34021" status="PASS">
          <reporter-output>
          </reporter-output>
        </test-method> <!-- launchaloginPage -->
        <test-method signature="verifyLoginPageisVisible()[pri:0, instance:test.OrangeLogIn@35d019a3]" started-at="2024-05-10T17:10:21 IST" name="verifyLoginPageisVisible" finished-at="2024-05-10T17:10:21 IST" duration-ms="38" status="PASS">
          <reporter-output>
          </reporter-output>
        </test-method> <!-- verifyLoginPageisVisible -->
        <test-method is-config="true" signature="afterMethod()[pri:0, instance:test.OrangeLogIn@35d019a3]" started-at="2024-05-10T17:10:21 IST" name="afterMethod" finished-at="2024-05-10T17:10:21 IST" duration-ms="0" status="PASS">
          <reporter-output>
          </reporter-output>
        </test-method> <!-- afterMethod -->
        <test-method is-config="true" signature="afterClass()[pri:0, instance:test.OrangeLogIn@35d019a3]" started-at="2024-05-10T17:10:21 IST" name="afterClass" finished-at="2024-05-10T17:10:21 IST" duration-ms="0" status="PASS">
          <reporter-output>
          </reporter-output>
        </test-method> <!-- afterClass -->
        <test-method is-config="true" signature="afterTest()[pri:0, instance:test.OrangeLogIn@35d019a3]" started-at="2024-05-10T17:10:21 IST" name="afterTest" finished-at="2024-05-10T17:10:21 IST" duration-ms="108" status="PASS">
          <reporter-output>
          </reporter-output>
        </test-method> <!-- afterTest -->
      </class> <!-- test.OrangeLogIn -->
    </test> <!-- Test001 -->
  </suite> <!-- Suite001 -->
</testng-results>
